[2025-10-21 06:27:28] IP: ::1 | Usuario: ID: 14 | Actividad: Registro de nuevo usuario: AS@gmail.com
[2025-10-21 06:27:43] IP: ::1 | Usuario: ID: 14 | Actividad: Inicio de sesión exitoso
[2025-10-21 06:28:47] IP: ::1 | Usuario: ID: 14 | Actividad: Inicio de sesión exitoso
[2025-10-21 06:34:34] IP: ::1 | Usuario: ID: 15 | Actividad: Registro de nuevo usuario: w@gmail.com
[2025-10-21 06:36:28] IP: ::1 | Usuario: ID: 16 | Actividad: Registro de nuevo usuario: h@gmail.com
[2025-10-21 07:25:54] IP: ::1 | Usuario: ID: 13 | Actividad: Inicio de sesión exitoso
[2025-10-21 23:09:00] IP: ::1 | Usuario: ID: 17 | Actividad: Registro de nuevo usuario: JU@gmail.com
[2025-10-21 23:09:09] IP: ::1 | Usuario: ID: 17 | Actividad: Inicio de sesión exitoso
[2025-10-22 07:58:58] IP: ::1 | Usuario: ID: 18 | Actividad: Registro de nuevo usuario: 1@gmail.com
[2025-10-22 07:59:04] IP: ::1 | Usuario: ID: 18 | Actividad: Inicio de sesión exitoso
[2025-10-22 07:59:47] IP: ::1 | Usuario: ID: 18 | Actividad: Inicio de sesión exitoso
[2025-10-22 08:01:45] IP: ::1 | Usuario: ID: 18 | Actividad: Inicio de sesión exitoso
[2025-10-23 05:34:47] IP: ::1 | Usuario: ID: 19 | Actividad: Registro de nuevo usuario: 1222@gmail.com
[2025-10-23 05:34:50] IP: ::1 | Usuario: ID: 19 | Actividad: Inicio de sesión exitoso
[2025-10-23 05:35:26] IP: ::1 | Usuario: ID: 19 | Actividad: Inicio de sesión exitoso
[2025-10-23 05:52:07] IP: ::1 | Usuario: ID: 19 | Actividad: Inicio de sesión exitoso
[2025-10-23 06:03:33] IP: ::1 | Usuario: ID: 20 | Actividad: Registro de nuevo usuario: 454@gmail.com
[2025-10-23 06:03:37] IP: ::1 | Usuario: ID: 20 | Actividad: Inicio de sesión exitoso
[2025-10-23 06:04:03] IP: ::1 | Usuario: ID: 20 | Actividad: Inicio de sesión exitoso
[2025-10-23 06:06:32] IP: ::1 | Usuario: ID: 20 | Actividad: Inicio de sesión exitoso
[2025-10-23 06:19:45] IP: ::1 | Usuario: ID: 20 | Actividad: Inicio de sesión exitoso
[2025-10-23 06:31:52] IP: ::1 | Usuario: ID: 21 | Actividad: Registro de nuevo usuario: 12222@gmail.com
[2025-10-23 06:31:56] IP: ::1 | Usuario: ID: 21 | Actividad: Inicio de sesión exitoso
[2025-10-23 06:35:53] IP: 192.168.1.68 | Usuario: ID: 22 | Actividad: Registro de nuevo usuario: g@gmail.com
[2025-10-23 06:36:06] IP: 192.168.1.68 | Usuario: ID: 22 | Actividad: Inicio de sesión exitoso
[2025-10-23 06:54:21] IP: ::1 | Usuario: ID: 21 | Actividad: Inicio de sesión exitoso
[2025-10-23 06:54:32] IP: ::1 | Usuario: ID: 21 | Actividad: Inicio de sesión exitoso
[2025-10-23 06:54:43] IP: ::1 | Usuario: ID: 21 | Actividad: Inicio de sesión exitoso
[2025-10-23 06:54:57] IP: ::1 | Usuario: ID: 21 | Actividad: Inicio de sesión exitoso
[2025-10-23 06:55:28] IP: ::1 | Usuario: ID: 21 | Actividad: Inicio de sesión exitoso
[2025-10-23 06:56:44] IP: ::1 | Usuario: ID: 21 | Actividad: Inicio de sesión exitoso
[2025-10-23 06:57:15] IP: ::1 | Usuario: ID: 23 | Actividad: Registro de nuevo usuario: 123@gmail.com
[2025-10-23 06:57:19] IP: ::1 | Usuario: ID: 23 | Actividad: Inicio de sesión exitoso
[2025-10-23 07:05:29] IP: ::1 | Usuario: ID: 23 | Actividad: Inicio de sesión exitoso
[2025-10-23 07:21:47] IP: ::1 | Usuario: ID: 23 | Actividad: Inicio de sesión exitoso
[2025-10-23 07:27:09] IP: ::1 | Usuario: ID: 24 | Actividad: Registro de nuevo usuario: 12@gmail.com
[2025-10-23 07:27:14] IP: ::1 | Usuario: ID: 24 | Actividad: Inicio de sesión exitoso
[2025-10-23 07:39:14] IP: ::1 | Usuario: No identificado | Actividad: Intento de inicio de sesión fallido: 7u7thin@gmail.com
[2025-10-23 07:40:08] IP: ::1 | Usuario: ID: 13 | Actividad: Inicio de sesión exitoso
[2025-10-23 07:41:30] IP: ::1 | Usuario: ID: 13 | Actividad: Inicio de sesión exitoso
[2025-10-23 07:53:06] IP: ::1 | Usuario: ID: 13 | Actividad: Inicio de sesión exitoso
[2025-10-24 04:56:14] IP: ::1 | Usuario: ID: 17 | Actividad: Registro de nuevo usuario: 45@gmail.com
[2025-10-24 04:56:17] IP: ::1 | Usuario: ID: 17 | Actividad: Inicio de sesión exitoso
[2025-10-24 04:59:30] IP: ::1 | Usuario: ID: 17 | Actividad: Inicio de sesión exitoso
[2025-10-24 05:23:46] IP: ::1 | Usuario: ID: 17 | Actividad: Inicio de sesión exitoso
[2025-10-24 05:24:15] IP: ::1 | Usuario: ID: 17 | Actividad: Inicio de sesión exitoso
[2025-10-24 05:25:12] IP: ::1 | Usuario: ID: 17 | Actividad: Inicio de sesión exitoso
[2025-10-24 06:13:24] IP: ::1 | Usuario: No identificado | Actividad: Intento de inicio de sesión fallido: 45@gmail.com
[2025-10-24 06:13:37] IP: ::1 | Usuario: ID: 17 | Actividad: Registro de nuevo usuario: 12@gmail.com
[2025-10-24 06:13:41] IP: ::1 | Usuario: ID: 17 | Actividad: Inicio de sesión exitoso
[2025-10-27 20:49:30] IP: ::1 | Usuario: No identificado | Actividad: Intento de inicio de sesión fallido: 7u7thin@gmail.com
[2025-10-27 20:49:33] IP: ::1 | Usuario: No identificado | Actividad: Intento de inicio de sesión fallido: 7u7thin@gmail.com
[2025-10-27 21:36:39] IP: ::1 | Usuario: ID: 17 | Actividad: Registro de nuevo usuario: 1231111@gmail.com
[2025-10-27 21:37:01] IP: ::1 | Usuario: ID: 18 | Actividad: Registro de nuevo usuario: 112345678@gmail.com
[2025-10-27 21:37:06] IP: ::1 | Usuario: ID: 18 | Actividad: Inicio de sesión exitoso
[2025-10-27 22:55:37] IP: ::1 | Usuario: ID: 17 | Actividad: Registro de nuevo usuario: 1221@gmail.com
[2025-10-27 22:55:41] IP: ::1 | Usuario: ID: 17 | Actividad: Inicio de sesión exitoso
[2025-10-27 23:02:07] IP: ::1 | Usuario: No identificado | Actividad: Intento de inicio de sesión fallido: 1221@gmail.com
[2025-10-27 23:02:12] IP: ::1 | Usuario: No identificado | Actividad: Intento de inicio de sesión fallido: 1221@gmail.com
[2025-10-27 23:02:18] IP: ::1 | Usuario: ID: 17 | Actividad: Inicio de sesión exitoso
[2025-10-27 23:18:22] IP: ::1 | Usuario: ID: 18 | Actividad: Registro de nuevo usuario: 678@gmail.com
[2025-10-27 23:18:27] IP: ::1 | Usuario: ID: 18 | Actividad: Inicio de sesión exitoso
[2025-10-27 23:19:33] IP: ::1 | Usuario: No identificado | Actividad: Intento de inicio de sesión fallido: 678@gmail.com
[2025-10-27 23:22:26] IP: ::1 | Usuario: No identificado | Actividad: Intento de inicio de sesión fallido: 678@gmail.com
[2025-10-27 23:22:31] IP: ::1 | Usuario: ID: 18 | Actividad: Inicio de sesión exitoso
[2025-10-27 23:26:17] IP: ::1 | Usuario: ID: 19 | Actividad: Registro de nuevo usuario: QW@gmail.com
[2025-10-27 23:26:21] IP: ::1 | Usuario: ID: 19 | Actividad: Inicio de sesión exitoso
[2025-10-27 23:35:07] IP: ::1 | Usuario: ID: 19 | Actividad: Inicio de sesión exitoso
[2025-10-27 23:52:10] IP: ::1 | Usuario: ID: 20 | Actividad: Registro de nuevo usuario: 123123@gmail.com
[2025-10-27 23:52:15] IP: ::1 | Usuario: ID: 20 | Actividad: Inicio de sesión exitoso
[2025-10-28 00:17:40] IP: ::1 | Usuario: No identificado | Actividad: Intento de inicio de sesión fallido: 123123@gmail.com
[2025-10-28 00:17:43] IP: ::1 | Usuario: ID: 20 | Actividad: Inicio de sesión exitoso
[2025-10-28 01:48:32] IP: ::1 | Usuario: No identificado | Actividad: Intento de inicio de sesión fallido: TC00011
[2025-10-28 01:48:41] IP: ::1 | Usuario: ID: 20 | Actividad: Inicio de sesión exitoso
[2025-10-28 01:58:02] IP: 192.168.1.65 | Usuario: ID: 21 | Actividad: Registro de nuevo usuario: g@gmail.com
[2025-10-28 01:58:42] IP: 192.168.1.65 | Usuario: ID: 21 | Actividad: Inicio de sesión exitoso
[2025-10-28 02:21:43] IP: ::1 | Usuario: ID: 22 | Actividad: Registro de nuevo usuario: 111111111111111111@gmail.com
[2025-10-28 02:21:47] IP: ::1 | Usuario: ID: 22 | Actividad: Inicio de sesión exitoso
[2025-10-28 03:50:51] IP: ::1 | Usuario: ID: 22 | Actividad: Inicio de sesión exitoso
[2025-10-28 05:15:59] IP: ::1 | Usuario: ID: 21 | Actividad: Registro de nuevo usuario: 1211111@gmail.com
[2025-10-28 05:16:03] IP: ::1 | Usuario: ID: 21 | Actividad: Inicio de sesión exitoso
[2025-10-30 03:53:32] IP: ::1 | Usuario: ID: 22 | Actividad: Registro de nuevo usuario: 2345@gmail.com
[2025-10-30 03:53:36] IP: ::1 | Usuario: ID: 22 | Actividad: Inicio de sesión exitoso
[2025-10-31 05:08:47] IP: ::1 | Usuario: ID: 23 | Actividad: Registro de nuevo usuario: 1@gmail.com
[2025-10-31 05:08:50] IP: ::1 | Usuario: ID: 23 | Actividad: Inicio de sesión exitoso
[2025-10-31 05:29:05] IP: ::1 | Usuario: ID: 24 | Actividad: Registro de nuevo usuario: 12@gmail.com
[2025-10-31 05:29:17] IP: ::1 | Usuario: ID: 24 | Actividad: Inicio de sesión exitoso
[2025-10-31 05:40:23] IP: ::1 | Usuario: ID: 24 | Actividad: Inicio de sesión exitoso
[2025-11-06 05:20:12] IP: ::1 | Usuario: ID: 29 | Actividad: Registro de nuevo usuario: 1234567@gmail.com
[2025-11-06 05:20:31] IP: ::1 | Usuario: ID: 29 | Actividad: Inicio de sesión exitoso
[2025-11-06 05:27:42] IP: ::1 | Usuario: ID: 29 | Actividad: Inicio de sesión exitoso
[2025-11-06 05:30:03] IP: ::1 | Usuario: ID: 29 | Actividad: Inicio de sesión exitoso
[2025-11-06 06:04:51] IP: ::1 | Usuario: No identificado | Actividad: Intento de inicio de sesión fallido: 1234567@gmail.com
[2025-11-06 06:04:56] IP: ::1 | Usuario: ID: 29 | Actividad: Inicio de sesión exitoso
[2025-11-06 06:08:17] IP: ::1 | Usuario: ID: 29 | Actividad: Inicio de sesión exitoso
[2025-11-06 06:08:28] IP: ::1 | Usuario: ID: 29 | Actividad: Inicio de sesión exitoso
[2025-11-06 06:09:48] IP: ::1 | Usuario: ID: 29 | Actividad: Inicio de sesión exitoso
[2025-11-06 20:25:55] IP: ::1 | Usuario: ID: 29 | Actividad: Inicio de sesión exitoso
[2025-11-06 21:17:31] IP: 192.168.1.66 | Usuario: ID: 29 | Actividad: Inicio de sesión exitoso
[2025-11-07 04:46:17] IP: ::1 | Usuario: ID: 48 | Actividad: Registro de nuevo usuario: 87654@gmail.com
[2025-11-07 04:46:20] IP: ::1 | Usuario: ID: 48 | Actividad: Inicio de sesión exitoso
[2025-11-07 05:15:10] IP: 192.168.1.66 | Usuario: ID: 48 | Actividad: Inicio de sesión exitoso
[2025-11-07 06:18:16] IP: 192.168.1.69 | Usuario: ID: 48 | Actividad: Inicio de sesión exitoso
[2025-11-07 07:10:06] IP: ::1 | Usuario: ID: 49 | Actividad: Registro de nuevo usuario: 1234534567@gmail.com
[2025-11-07 07:10:09] IP: ::1 | Usuario: ID: 49 | Actividad: Inicio de sesión exitoso
[2025-11-08 05:08:33] IP: ::1 | Usuario: ID: 50 | Actividad: Registro de nuevo usuario: 234@gmail.com
[2025-11-08 05:08:39] IP: ::1 | Usuario: ID: 50 | Actividad: Inicio de sesión exitoso
[2025-11-08 05:17:10] IP: ::1 | Usuario: ID: 13 | Actividad: Inicio de sesión exitoso
[2025-11-08 05:32:57] IP: ::1 | Usuario: No identificado | Actividad: Intento de inicio de sesión fallido: 7u7thin@gmail.com
[2025-11-08 05:33:08] IP: ::1 | Usuario: ID: 13 | Actividad: Inicio de sesión exitoso
[2025-11-13 05:08:56] IP: ::1 | Usuario: ID: 13 | Actividad: Inicio de sesión exitoso
[2025-11-13 05:09:57] IP: ::1 | Usuario: ID: 13 | Actividad: Inicio de sesión exitoso
[2025-11-14 03:32:37] IP: ::1 | Usuario: ID: 13 | Actividad: Inicio de sesión exitoso
[2025-11-14 05:36:04] IP: ::1 | Usuario: ID: 13 | Actividad: Inicio de sesión exitoso
[2025-11-18 22:02:40] IP: ::1 | Usuario: ID: 51 | Actividad: Registro de nuevo usuario: 123456789@gmail.com
[2025-11-18 22:02:43] IP: ::1 | Usuario: ID: 51 | Actividad: Inicio de sesión exitoso
[2025-11-18 22:21:26] IP: ::1 | Usuario: ID: 51 | Actividad: Inicio de sesión exitoso
[2025-11-18 22:25:36] IP: 192.168.1.79 | Usuario: ID: 51 | Actividad: Inicio de sesión exitoso
[2025-11-19 03:19:26] IP: ::1 | Usuario: ID: 51 | Actividad: Inicio de sesión exitoso
[2025-11-19 04:28:39] IP: 192.168.1.79 | Usuario: ID: 51 | Actividad: Inicio de sesión exitoso
[2025-11-20 22:34:24] IP: ::1 | Usuario: ID: 52 | Actividad: Registro de nuevo usuario: 9999999@gmail.com
[2025-11-20 22:34:30] IP: ::1 | Usuario: ID: 52 | Actividad: Inicio de sesión exitoso
[2025-11-20 22:38:18] IP: ::1 | Usuario: ID: 51 | Actividad: Inicio de sesión exitoso
[2025-11-20 22:46:21] IP: ::1 | Usuario: No identificado | Actividad: Intento de inicio de sesión fallido: 7u7thin@gmail.com
[2025-11-20 22:46:27] IP: ::1 | Usuario: ID: 13 | Actividad: Inicio de sesión exitoso
[2025-11-20 22:47:18] IP: ::1 | Usuario: ID: 13 | Actividad: Inicio de sesión exitoso
[2025-11-20 23:03:15] IP: ::1 | Usuario: ID: 51 | Actividad: Inicio de sesión exitoso
[2025-11-20 23:18:27] IP: ::1 | Usuario: ID: 13 | Actividad: Inicio de sesión exitoso
[2025-11-21 03:09:47] IP: ::1 | Usuario: ID: 51 | Actividad: Inicio de sesión exitoso
[2025-11-21 03:10:26] IP: ::1 | Usuario: ID: 13 | Actividad: Inicio de sesión exitoso
[2025-11-24 04:10:04] IP: ::1 | Usuario: ID: 53 | Actividad: Inicio de sesión exitoso
[2025-11-24 04:33:27] IP: ::1 | Usuario: ID: 60 | Actividad: Registro de nuevo usuario: 234567890@gmail.com
[2025-11-24 04:33:30] IP: ::1 | Usuario: ID: 60 | Actividad: Inicio de sesión exitoso
[2025-11-24 04:38:24] IP: ::1 | Usuario: ID: 61 | Actividad: Inicio de sesión exitoso
[2025-11-24 04:43:33] IP: ::1 | Usuario: ID: 62 | Actividad: Inicio de sesión exitoso
[2025-11-24 04:45:32] IP: ::1 | Usuario: ID: 62 | Actividad: Inicio de sesión exitoso
[2025-11-24 04:48:30] IP: ::1 | Usuario: ID: 63 | Actividad: Inicio de sesión exitoso
[2025-11-24 05:07:25] IP: ::1 | Usuario: ID: 13 | Actividad: Inicio de sesión exitoso
[2025-11-24 05:08:31] IP: ::1 | Usuario: ID: 51 | Actividad: Inicio de sesión exitoso
[2025-11-27 05:07:30] IP: ::1 | Usuario: ID: 51 | Actividad: Inicio de sesión exitoso
[2025-11-27 20:40:14] IP: ::1 | Usuario: ID: 51 | Actividad: Inicio de sesión exitoso
[2025-11-27 21:15:10] IP: ::1 | Usuario: ID: 13 | Actividad: Inicio de sesión exitoso
[2025-11-27 21:16:10] IP: ::1 | Usuario: ID: 51 | Actividad: Inicio de sesión exitoso
[2025-11-27 21:29:34] IP: ::1 | Usuario: ID: 51 | Actividad: Inicio de sesión exitoso
[2025-11-27 21:36:21] IP: ::1 | Usuario: ID: 51 | Actividad: Inicio de sesión exitoso
[2025-11-27 21:36:37] IP: ::1 | Usuario: No identificado | Actividad: Intento de inicio de sesión fallido: 7u7thin@gmail.com
[2025-11-27 21:36:43] IP: ::1 | Usuario: ID: 13 | Actividad: Inicio de sesión exitoso
[2025-11-27 21:56:09] IP: ::1 | Usuario: ID: 51 | Actividad: Inicio de sesión exitoso
[2025-11-27 21:58:42] IP: ::1 | Usuario: ID: 13 | Actividad: Inicio de sesión exitoso
[2025-11-27 22:18:05] IP: 192.168.1.74 | Usuario: ID: 51 | Actividad: Inicio de sesión exitoso
[2025-11-27 22:29:33] IP: 192.168.1.74 | Usuario: ID: 51 | Actividad: Inicio de sesión exitoso
[2025-11-27 23:20:22] IP: 192.168.1.74 | Usuario: ID: 51 | Actividad: Inicio de sesión exitoso
[2025-11-28 03:35:30] IP: 192.168.1.65 | Usuario: ID: 51 | Actividad: Inicio de sesión exitoso
[2025-11-28 03:36:50] IP: ::1 | Usuario: ID: 51 | Actividad: Inicio de sesión exitoso
[2025-11-28 03:52:03] IP: ::1 | Usuario: ID: 13 | Actividad: Inicio de sesión exitoso
[2025-11-28 04:03:00] IP: 192.168.1.74 | Usuario: ID: 51 | Actividad: Inicio de sesión exitoso
[2025-11-28 04:17:53] IP: ::1 | Usuario: ID: 51 | Actividad: Inicio de sesión exitoso
[2025-11-28 04:24:59] IP: 192.168.1.74 | Usuario: ID: 51 | Actividad: Inicio de sesión exitoso
[2025-11-28 04:28:46] IP: 192.168.1.74 | Usuario: ID: 51 | Actividad: Inicio de sesión exitoso
[2025-11-28 05:26:28] IP: ::1 | Usuario: ID: 13 | Actividad: Inicio de sesión exitoso
[2025-11-29 05:05:48] IP: ::1 | Usuario: ID: 51 | Actividad: Inicio de sesión exitoso
[2025-12-01 20:06:54] IP: ::1 | Usuario: ID: 13 | Actividad: Inicio de sesión exitoso
[2025-12-01 20:07:11] IP: ::1 | Usuario: ID: 51 | Actividad: Inicio de sesión exitoso
[2025-12-01 20:14:48] IP: ::1 | Usuario: ID: 13 | Actividad: Inicio de sesión exitoso
[2025-12-01 20:39:26] IP: ::1 | Usuario: ID: 51 | Actividad: Inicio de sesión exitoso
[2025-12-01 21:19:21] IP: ::1 | Usuario: No identificado | Actividad: Intento de inicio de sesión fallido: 7u7thin@gmail.com
[2025-12-01 21:19:27] IP: ::1 | Usuario: No identificado | Actividad: Intento de inicio de sesión fallido: 7u7thin@gmail.com
[2025-12-01 21:19:33] IP: ::1 | Usuario: ID: 13 | Actividad: Inicio de sesión exitoso
[2025-12-02 00:27:39] IP: ::1 | Usuario: ID: 51 | Actividad: Inicio de sesión exitoso
[2025-12-02 01:46:04] IP: ::1 | Usuario: ID: 13 | Actividad: Inicio de sesión exitoso
