[2025-10-28 00:17:25] === INICIO: Solicitud de cambiar contraseña ===
[2025-10-28 00:17:25] Usuario ID: 20
[2025-10-28 00:17:25] Validando campos de contraseña...
[2025-10-28 00:17:25] Validación de campos exitosa
[2025-10-28 00:17:25] Conectando a la base de datos...
[2025-10-28 00:17:25] Usando conexión PDO directa
[2025-10-28 00:17:25] Conexión exitosa. Obteniendo contraseña actual...
[2025-10-28 00:17:25] Usuario encontrado. Verificando contraseña actual...
[2025-10-28 00:17:25] Contraseña actual verificada. Hasheando nueva contraseña...
[2025-10-28 00:17:25] Nueva contraseña hasheada
[2025-10-28 00:17:25] Actualizando contraseña en la base de datos...
[2025-10-28 00:17:25] Contraseña actualizada exitosamente para usuario: 20
[2025-10-28 00:17:25] === FIN: Contraseña cambiada correctamente ===
[2025-10-28 03:50:33] === INICIO: Solicitud de cambiar contraseña ===
[2025-10-28 03:50:33] Usuario ID: 22
[2025-10-28 03:50:33] Validando campos de contraseña...
[2025-10-28 03:50:33] Validación de campos exitosa
[2025-10-28 03:50:33] Conectando a la base de datos...
[2025-10-28 03:50:33] Usando conexión PDO directa
[2025-10-28 03:50:33] Conexión exitosa. Obteniendo contraseña actual...
[2025-10-28 03:50:33] Usuario encontrado. Verificando contraseña actual...
[2025-10-28 03:50:33] Contraseña actual verificada. Hasheando nueva contraseña...
[2025-10-28 03:50:33] Nueva contraseña hasheada
[2025-10-28 03:50:33] Actualizando contraseña en la base de datos...
[2025-10-28 03:50:33] Contraseña actualizada exitosamente para usuario: 22
[2025-10-28 03:50:33] === FIN: Contraseña cambiada correctamente ===
