[2025-12-03 06:51:07] === Solicitud: GET obtener_pendientes ===
[2025-12-03 06:51:07] Cotizaciones pendientes obtenidas: 5
[2025-12-03 06:51:49] === Solicitud: GET obtener_pendientes ===
[2025-12-03 06:51:49] Cotizaciones pendientes obtenidas: 5
[2025-12-03 06:51:52] === Solicitud: GET obtener_pendientes ===
[2025-12-03 06:51:52] Cotizaciones pendientes obtenidas: 5
[2025-12-03 06:51:52] === Solicitud: GET obtener_pendientes ===
[2025-12-03 06:51:52] Cotizaciones pendientes obtenidas: 5
[2025-12-03 06:51:53] === Solicitud: GET obtener_pendientes ===
[2025-12-03 06:51:53] Cotizaciones pendientes obtenidas: 5
[2025-12-03 06:53:20] === Solicitud: GET obtener_pendientes ===
[2025-12-03 06:53:20] Cotizaciones pendientes obtenidas: 5
[2025-12-03 06:53:29] === Solicitud: POST  ===
[2025-12-03 06:53:32] === Solicitud: POST  ===
[2025-12-03 06:56:36] === Solicitud: GET obtener_cotizacion ===
[2025-12-03 06:57:17] === Solicitud: POST  ===
[2025-12-03 07:01:44] === Solicitud: GET obtener_pendientes ===
[2025-12-03 07:01:44] Cotizaciones pendientes obtenidas: 5
[2025-12-03 07:01:55] === Solicitud: GET obtener_cotizacion ===
[2025-12-03 07:02:07] === Solicitud: POST actualizar_estado ===
[2025-12-03 07:02:07] Estado actualizado: 21 -> APROBADA
[2025-12-03 07:02:07] === Solicitud: GET obtener_pendientes ===
[2025-12-03 07:02:07] Cotizaciones pendientes obtenidas: 4
[2025-12-03 07:02:18] === Solicitud: POST actualizar_estado ===
[2025-12-03 07:02:18] Estado actualizado: 23 -> RECHAZADA
[2025-12-03 07:02:18] === Solicitud: GET obtener_pendientes ===
[2025-12-03 07:02:18] Cotizaciones pendientes obtenidas: 3
[2025-12-03 07:02:21] === Solicitud: GET obtener_cotizacion ===
[2025-12-03 07:02:30] === Solicitud: GET obtener_pendientes ===
[2025-12-03 07:02:30] Cotizaciones pendientes obtenidas: 3
[2025-12-03 07:07:12] === Solicitud: GET obtener_todas ===
[2025-12-03 07:07:12] Cotizaciones obtenidas: 5
[2025-12-03 07:07:46] === Solicitud: GET obtener_todas ===
[2025-12-03 07:07:46] Cotizaciones obtenidas: 5
[2025-12-03 07:09:12] === Solicitud: GET obtener_todas ===
[2025-12-03 07:09:12] Cotizaciones obtenidas: 5
[2025-12-03 07:11:14] === Solicitud: GET obtener_todas ===
[2025-12-03 07:11:14] Cotizaciones obtenidas: 5
[2025-12-03 07:11:42] === Solicitud: GET obtener_todas ===
[2025-12-03 07:11:42] Cotizaciones obtenidas: 5
[2025-12-03 07:11:45] === Solicitud: POST actualizar_estado ===
[2025-12-03 07:11:45] Estado actualizado: 24 -> APROBADA
[2025-12-03 07:11:50] === Solicitud: GET obtener_todas ===
[2025-12-03 07:11:50] Cotizaciones obtenidas: 5
[2025-12-03 07:11:51] === Solicitud: GET obtener_todas ===
[2025-12-03 07:11:51] Cotizaciones obtenidas: 5
[2025-12-03 07:11:51] === Solicitud: GET obtener_todas ===
[2025-12-03 07:11:51] Cotizaciones obtenidas: 5
[2025-12-03 07:11:51] === Solicitud: GET obtener_todas ===
[2025-12-03 07:11:51] Cotizaciones obtenidas: 5
[2025-12-03 07:11:54] === Solicitud: GET obtener_todas ===
[2025-12-03 07:11:54] Cotizaciones obtenidas: 5
[2025-12-03 07:12:12] === Solicitud: GET obtener_todas ===
[2025-12-03 07:12:12] Cotizaciones obtenidas: 5
[2025-12-03 07:14:45] === Solicitud: GET obtener_todas ===
[2025-12-03 07:14:45] Cotizaciones obtenidas: 5
[2025-12-03 07:15:03] === Solicitud: POST actualizar_estado ===
[2025-12-03 07:15:03] Estado actualizado: 22 -> APROBADA
[2025-12-03 07:15:03] === Solicitud: GET obtener_todas ===
[2025-12-03 07:15:03] Cotizaciones obtenidas: 5
[2025-12-03 07:15:07] === Solicitud: GET obtener_todas ===
[2025-12-03 07:15:07] Cotizaciones obtenidas: 5
[2025-12-03 07:15:07] === Solicitud: GET obtener_todas ===
[2025-12-03 07:15:07] Cotizaciones obtenidas: 5
[2025-12-03 07:15:07] === Solicitud: GET obtener_todas ===
[2025-12-03 07:15:08] Cotizaciones obtenidas: 5
[2025-12-03 07:15:08] === Solicitud: GET obtener_todas ===
[2025-12-03 07:15:08] Cotizaciones obtenidas: 5
[2025-12-03 07:15:08] === Solicitud: GET obtener_todas ===
[2025-12-03 07:15:08] Cotizaciones obtenidas: 5
[2025-12-03 07:15:08] === Solicitud: GET obtener_todas ===
[2025-12-03 07:15:08] Cotizaciones obtenidas: 5
[2025-12-03 07:15:08] === Solicitud: GET obtener_todas ===
[2025-12-03 07:15:08] Cotizaciones obtenidas: 5
[2025-12-03 07:15:11] === Solicitud: GET obtener_todas ===
[2025-12-03 07:15:11] Cotizaciones obtenidas: 5
[2025-12-03 07:15:36] === Solicitud: GET obtener_todas ===
[2025-12-03 07:15:36] Cotizaciones obtenidas: 5
[2025-12-03 07:15:47] === Solicitud: GET obtener_todas ===
[2025-12-03 07:15:47] Cotizaciones obtenidas: 5
[2025-12-03 07:15:48] === Solicitud: GET obtener_todas ===
[2025-12-03 07:15:48] Cotizaciones obtenidas: 5
[2025-12-03 07:15:48] === Solicitud: GET obtener_todas ===
[2025-12-03 07:15:48] Cotizaciones obtenidas: 5
[2025-12-03 07:18:16] === Solicitud: GET obtener_cotizacion ===
[2025-12-03 07:18:26] === Solicitud: GET obtener_todas ===
[2025-12-03 07:18:26] Cotizaciones obtenidas: 5
[2025-12-03 07:18:27] === Solicitud: GET obtener_todas ===
[2025-12-03 07:18:27] Cotizaciones obtenidas: 5
[2025-12-03 07:18:30] === Solicitud: GET obtener_todas ===
[2025-12-03 07:18:30] Cotizaciones obtenidas: 5
[2025-12-03 07:21:20] === Solicitud: GET obtener_todas ===
[2025-12-03 07:21:20] Cotizaciones obtenidas: 5
[2025-12-03 07:21:31] === Solicitud: GET obtener_todas ===
[2025-12-03 07:21:31] Cotizaciones obtenidas: 5
[2025-12-03 07:21:35] === Solicitud: GET obtener_cotizacion ===
[2025-12-03 07:22:31] === Solicitud: GET obtener_todas ===
[2025-12-03 07:22:31] Cotizaciones obtenidas: 5
[2025-12-03 07:23:03] === Solicitud: GET obtener_todas ===
[2025-12-03 07:23:03] Cotizaciones obtenidas: 5
[2025-12-03 07:23:13] === Solicitud: GET obtener_cotizacion ===
[2025-12-03 07:26:10] === Solicitud: GET obtener_todas ===
[2025-12-03 07:26:10] Cotizaciones obtenidas: 5
[2025-12-03 07:26:38] === Solicitud: GET obtener_todas ===
[2025-12-03 07:26:38] Cotizaciones obtenidas: 5
[2025-12-03 07:26:40] === Solicitud: GET obtener_todas ===
[2025-12-03 07:26:40] Cotizaciones obtenidas: 5
[2025-12-03 07:26:52] === Solicitud: GET obtener_todas ===
[2025-12-03 07:26:52] Cotizaciones obtenidas: 5
[2025-12-03 07:35:41] === Solicitud: GET obtener_todas ===
[2025-12-03 07:35:41] Cotizaciones obtenidas: 5
[2025-12-03 07:45:23] === Solicitud: GET obtener_todas ===
[2025-12-03 07:45:23] Cotizaciones obtenidas: 5
[2025-12-03 07:57:45] === Solicitud: GET obtener_todas ===
[2025-12-03 07:57:45] Cotizaciones obtenidas: 5
[2025-12-03 07:58:07] === Solicitud: GET obtener_todas ===
[2025-12-03 07:58:07] Cotizaciones obtenidas: 5
[2025-12-03 07:58:11] === Solicitud: POST actualizar_estado ===
[2025-12-03 07:58:11] Estado actualizado: 20 -> RECHAZADA
[2025-12-03 07:58:11] === Solicitud: GET obtener_todas ===
[2025-12-03 07:58:11] Cotizaciones obtenidas: 5
[2025-12-03 08:00:19] === Solicitud: GET obtener_todas ===
[2025-12-03 08:00:19] Cotizaciones obtenidas: 5
[2025-12-03 08:26:59] === Solicitud: GET obtener_todas ===
[2025-12-03 08:26:59] Cotizaciones obtenidas: 5
[2025-12-03 08:48:56] === Solicitud: GET obtener_todas ===
[2025-12-03 08:48:56] Cotizaciones obtenidas: 5
[2025-12-03 08:49:36] === Solicitud: GET obtener_todas ===
[2025-12-03 08:49:36] Cotizaciones obtenidas: 5
[2025-12-03 08:55:01] === Solicitud: GET obtener_todas ===
[2025-12-03 08:55:01] Cotizaciones obtenidas: 5
[2025-12-03 08:55:45] === Solicitud: GET obtener_todas ===
[2025-12-03 08:55:45] Cotizaciones obtenidas: 5
[2025-12-03 09:01:02] === Solicitud: GET obtener_todas ===
[2025-12-03 09:01:02] Cotizaciones obtenidas: 6
[2025-12-03 09:01:06] === Solicitud: POST actualizar_estado ===
[2025-12-03 09:01:06] Estado actualizado: 25 -> APROBADA
[2025-12-03 09:01:06] Usuario creado para cotización 25: TC00039
[2025-12-03 09:01:06] === Solicitud: GET obtener_todas ===
[2025-12-03 09:01:06] Cotizaciones obtenidas: 6
[2025-12-03 09:03:44] === Solicitud: GET obtener_todas ===
[2025-12-03 09:03:44] Cotizaciones obtenidas: 6
[2025-12-03 09:05:10] === Solicitud: GET obtener_todas ===
[2025-12-03 09:05:10] Cotizaciones obtenidas: 6
[2025-12-03 09:05:16] === Solicitud: GET obtener_todas ===
[2025-12-03 09:05:16] Cotizaciones obtenidas: 7
[2025-12-03 09:05:19] === Solicitud: GET obtener_cotizacion ===
[2025-12-03 09:05:30] === Solicitud: POST aprobar_y_crear_usuario ===
[2025-12-03 09:05:32] Cotización aprobada, usuario creado y credenciales enviadas para cotización 26: TC00039
[2025-12-03 09:05:32] === Solicitud: GET obtener_todas ===
[2025-12-03 09:05:32] Cotizaciones obtenidas: 7
[2025-12-03 09:11:50] === Solicitud: GET obtener_todas ===
[2025-12-03 09:11:50] Cotizaciones obtenidas: 7
[2025-12-03 09:11:56] === Solicitud: GET obtener_todas ===
[2025-12-03 09:11:56] Cotizaciones obtenidas: 8
[2025-12-03 09:11:58] === Solicitud: GET obtener_cotizacion ===
[2025-12-03 09:12:07] === Solicitud: POST eliminar_cotizacion ===
[2025-12-03 09:12:07] Cotización eliminada: 26
[2025-12-03 09:12:07] === Solicitud: GET obtener_todas ===
[2025-12-03 09:12:07] Cotizaciones obtenidas: 7
[2025-12-03 09:12:14] === Solicitud: GET obtener_cotizacion ===
[2025-12-03 09:12:17] === Solicitud: GET obtener_cotizacion ===
[2025-12-03 09:12:21] === Solicitud: POST aprobar_y_crear_usuario ===
[2025-12-03 09:12:22] Cotización aprobada, usuario creado y credenciales enviadas para cotización 27: TC00039
[2025-12-03 09:12:22] === Solicitud: GET obtener_todas ===
[2025-12-03 09:12:22] Cotizaciones obtenidas: 7
[2025-12-03 09:15:14] === Solicitud: GET obtener_todas ===
[2025-12-03 09:15:14] Cotizaciones obtenidas: 8
[2025-12-03 09:15:25] === Solicitud: GET obtener_todas ===
[2025-12-03 09:15:25] Cotizaciones obtenidas: 8
[2025-12-03 09:15:27] === Solicitud: GET obtener_cotizacion ===
[2025-12-03 09:15:30] === Solicitud: POST aprobar_y_crear_usuario ===
[2025-12-03 09:15:31] Cotización aprobada, usuario creado y credenciales enviadas para cotización 28: TC00039
[2025-12-03 09:15:31] === Solicitud: GET obtener_todas ===
[2025-12-03 09:15:31] Cotizaciones obtenidas: 8
[2025-12-03 09:25:50] === Solicitud: GET obtener_todas ===
[2025-12-03 09:25:50] Cotizaciones obtenidas: 8
[2025-12-04 03:15:40] === Solicitud: GET obtener_todas ===
[2025-12-04 03:15:40] Cotizaciones obtenidas: 8
[2025-12-04 03:15:58] === Solicitud: GET obtener_todas ===
[2025-12-04 03:15:58] Cotizaciones obtenidas: 9
[2025-12-04 03:16:40] === Solicitud: GET obtener_todas ===
[2025-12-04 03:16:40] Cotizaciones obtenidas: 9
[2025-12-04 03:23:56] === Solicitud: GET obtener_todas ===
[2025-12-04 03:23:56] Cotizaciones obtenidas: 9
[2025-12-04 03:23:58] === Solicitud: GET obtener_cotizacion ===
[2025-12-04 04:03:04] === Solicitud: GET obtener_todas ===
[2025-12-04 04:03:04] Cotizaciones obtenidas: 9
[2025-12-04 04:12:58] === Solicitud: GET obtener_todas ===
[2025-12-04 04:12:58] Cotizaciones obtenidas: 9
[2025-12-04 04:55:31] === Solicitud: GET obtener_todas ===
[2025-12-04 04:55:31] Cotizaciones obtenidas: 9
[2025-12-04 04:55:33] === Solicitud: GET obtener_cotizacion ===
[2025-12-04 04:55:39] === Solicitud: POST eliminar_cotizacion ===
[2025-12-04 04:55:39] Cotización eliminada: 23
[2025-12-04 04:55:39] === Solicitud: GET obtener_todas ===
[2025-12-04 04:55:39] Cotizaciones obtenidas: 8
[2025-12-04 05:35:56] === Solicitud: GET obtener_todas ===
[2025-12-04 05:35:56] Cotizaciones obtenidas: 8
[2025-12-04 06:26:45] === Solicitud: GET obtener_todas ===
[2025-12-04 06:26:45] Cotizaciones obtenidas: 8
[2025-12-04 07:14:48] === Solicitud: GET obtener_todas ===
[2025-12-04 07:14:48] Cotizaciones obtenidas: 8
[2025-12-04 07:19:07] === Solicitud: GET obtener_todas ===
[2025-12-04 07:19:07] Cotizaciones obtenidas: 8
[2025-12-04 07:28:29] === Solicitud: GET obtener_todas ===
[2025-12-04 07:28:29] Cotizaciones obtenidas: 8
[2025-12-04 07:28:33] === Solicitud: GET obtener_cotizacion ===
[2025-12-04 07:28:39] === Solicitud: POST eliminar_cotizacion ===
[2025-12-04 07:28:39] Cotización eliminada: 28
[2025-12-04 07:28:39] === Solicitud: GET obtener_todas ===
[2025-12-04 07:28:39] Cotizaciones obtenidas: 7
[2025-12-04 07:38:04] === Solicitud: GET obtener_todas ===
[2025-12-04 07:38:04] Cotizaciones obtenidas: 7
[2025-12-04 07:38:08] === Solicitud: GET obtener_cotizacion ===
[2025-12-04 07:39:35] === Solicitud: GET obtener_todas ===
[2025-12-04 07:39:35] Cotizaciones obtenidas: 7
[2025-12-04 07:39:42] === Solicitud: GET obtener_todas ===
[2025-12-04 07:39:42] Cotizaciones obtenidas: 7
[2025-12-04 07:39:44] === Solicitud: GET obtener_todas ===
[2025-12-04 07:39:44] Cotizaciones obtenidas: 7
[2025-12-04 07:44:39] === Solicitud: GET obtener_todas ===
[2025-12-04 07:44:39] Cotizaciones obtenidas: 7
[2025-12-04 07:45:04] === Solicitud: GET obtener_todas ===
[2025-12-04 07:45:04] Cotizaciones obtenidas: 7
[2025-12-04 07:45:52] === Solicitud: GET obtener_todas ===
[2025-12-04 07:45:52] Cotizaciones obtenidas: 7
[2025-12-04 07:45:54] === Solicitud: GET obtener_todas ===
[2025-12-04 07:45:54] Cotizaciones obtenidas: 7
[2025-12-04 07:50:16] === Solicitud: GET obtener_todas ===
[2025-12-04 07:50:16] Cotizaciones obtenidas: 7
[2025-12-04 08:09:09] === Solicitud: GET obtener_todas ===
[2025-12-04 08:09:09] Cotizaciones obtenidas: 7
[2025-12-04 08:17:38] === Solicitud: GET obtener_todas ===
[2025-12-04 08:17:38] Cotizaciones obtenidas: 7
[2025-12-04 08:32:58] === Solicitud: GET obtener_todas ===
[2025-12-04 08:32:58] Cotizaciones obtenidas: 8
[2025-12-04 08:34:09] === Solicitud: GET obtener_todas ===
[2025-12-04 08:34:09] Cotizaciones obtenidas: 8
[2025-12-04 08:34:19] === Solicitud: GET obtener_todas ===
[2025-12-04 08:34:19] Cotizaciones obtenidas: 8
[2025-12-04 08:36:25] === Solicitud: GET obtener_todas ===
[2025-12-04 08:36:25] Cotizaciones obtenidas: 8
[2025-12-04 08:36:47] === Solicitud: GET obtener_todas ===
[2025-12-04 08:36:47] Cotizaciones obtenidas: 8
[2025-12-04 08:36:53] === Solicitud: POST eliminar_cotizacion ===
[2025-12-04 08:36:53] Cotización eliminada: 29
[2025-12-04 08:36:53] === Solicitud: GET obtener_todas ===
[2025-12-04 08:36:53] Cotizaciones obtenidas: 7
[2025-12-04 08:39:47] === Solicitud: GET obtener_todas ===
[2025-12-04 08:39:47] Cotizaciones obtenidas: 7
[2025-12-04 08:41:19] === Solicitud: GET obtener_todas ===
[2025-12-04 08:41:19] Cotizaciones obtenidas: 7
[2025-12-04 08:42:55] === Solicitud: GET obtener_todas ===
[2025-12-04 08:42:55] Cotizaciones obtenidas: 7
[2025-12-04 08:43:48] === Solicitud: GET obtener_todas ===
[2025-12-04 08:43:48] Cotizaciones obtenidas: 7
[2025-12-04 08:43:51] === Solicitud: GET obtener_cotizacion ===
[2025-12-04 08:46:48] === Solicitud: GET obtener_todas ===
[2025-12-04 08:46:48] Cotizaciones obtenidas: 7
[2025-12-04 08:49:45] === Solicitud: GET obtener_todas ===
[2025-12-04 08:49:45] Cotizaciones obtenidas: 7
[2025-12-04 08:50:41] === Solicitud: GET obtener_todas ===
[2025-12-04 08:50:41] Cotizaciones obtenidas: 7
[2025-12-04 08:56:18] === Solicitud: GET obtener_todas ===
[2025-12-04 08:56:18] Cotizaciones obtenidas: 7
[2025-12-04 09:10:00] === Solicitud: GET obtener_todas ===
[2025-12-04 09:10:00] Cotizaciones obtenidas: 7
[2025-12-04 09:21:07] === Solicitud: GET obtener_todas ===
[2025-12-04 09:21:07] Cotizaciones obtenidas: 7
[2025-12-05 05:54:12] === Solicitud: GET obtener_todas ===
[2025-12-05 05:54:12] Cotizaciones obtenidas: 0
[2025-12-05 05:54:15] === Solicitud: GET obtener_todas ===
[2025-12-05 05:54:15] Cotizaciones obtenidas: 0
[2025-12-05 05:54:19] === Solicitud: GET obtener_todas ===
[2025-12-05 05:54:19] Cotizaciones obtenidas: 0
[2025-12-05 05:54:43] === Solicitud: GET obtener_todas ===
[2025-12-05 05:54:43] Cotizaciones obtenidas: 0
[2025-12-05 05:55:03] === Solicitud: GET obtener_todas ===
[2025-12-05 05:55:03] Cotizaciones obtenidas: 1
[2025-12-05 05:55:06] === Solicitud: GET obtener_cotizacion ===
[2025-12-05 05:55:10] === Solicitud: POST eliminar_cotizacion ===
[2025-12-05 05:55:10] Cotización eliminada: 31
[2025-12-05 05:55:10] === Solicitud: GET obtener_todas ===
[2025-12-05 05:55:10] Cotizaciones obtenidas: 0
[2025-12-05 06:13:44] === Solicitud: GET obtener_todas ===
[2025-12-05 06:13:44] Cotizaciones obtenidas: 0
[2025-12-05 06:16:59] === Solicitud: GET obtener_todas ===
[2025-12-05 06:16:59] Cotizaciones obtenidas: 0
[2025-12-05 06:17:01] === Solicitud: GET obtener_todas ===
[2025-12-05 06:17:01] Cotizaciones obtenidas: 0
[2025-12-05 06:17:41] === Solicitud: GET obtener_todas ===
[2025-12-05 06:17:41] Cotizaciones obtenidas: 0
[2025-12-05 06:20:23] === Solicitud: GET obtener_todas ===
[2025-12-05 06:20:23] Cotizaciones obtenidas: 1
[2025-12-05 06:20:46] === Solicitud: GET obtener_todas ===
[2025-12-05 06:20:46] Cotizaciones obtenidas: 1
