[2025-12-05 11:20:14] === INICIO: Solicitud de notificaciones admin ===
[2025-12-05 11:20:14] Admin ID: 1
[2025-12-05 11:20:14] Conectando a la base de datos...
[2025-12-05 11:20:14] Conexión exitosa. Buscando notificaciones desde: 2025-12-05 04:08:27
[2025-12-05 11:20:14] Nuevas cotizaciones encontradas: 0
[2025-12-05 11:20:14] Nuevos mensajes encontrados: 0
[2025-12-05 11:20:14] Comentarios nuevos encontrados: 0
[2025-12-05 11:20:14] Notificaciones encontradas: 0
[2025-12-05 11:20:14] === FIN: Notificaciones admin obtenidas correctamente ===
[2025-12-05 11:20:43] === INICIO: Solicitud de notificaciones admin ===
[2025-12-05 11:20:43] Admin ID: 1
[2025-12-05 11:20:43] Conectando a la base de datos...
[2025-12-05 11:21:14] === INICIO: Solicitud de notificaciones admin ===
[2025-12-05 11:21:14] Admin ID: 1
[2025-12-05 11:21:14] Conectando a la base de datos...
[2025-12-05 11:21:44] === INICIO: Solicitud de notificaciones admin ===
[2025-12-05 11:21:44] Admin ID: 1
[2025-12-05 11:21:44] Conectando a la base de datos...
[2025-12-05 11:21:44] Conexión exitosa. Buscando notificaciones desde: 2025-12-05 04:08:27
[2025-12-05 11:21:44] Nuevas cotizaciones encontradas: 0
[2025-12-05 11:21:44] Nuevos mensajes encontrados: 0
[2025-12-05 11:21:44] Comentarios nuevos encontrados: 0
[2025-12-05 11:21:44] Notificaciones encontradas: 0
[2025-12-05 11:21:44] === FIN: Notificaciones admin obtenidas correctamente ===
[2025-12-05 11:22:14] === INICIO: Solicitud de notificaciones admin ===
[2025-12-05 11:22:14] Admin ID: 1
[2025-12-05 11:22:14] Conectando a la base de datos...
[2025-12-05 11:22:44] === INICIO: Solicitud de notificaciones admin ===
[2025-12-05 11:22:44] Admin ID: 1
[2025-12-05 11:22:44] Conectando a la base de datos...
[2025-12-05 11:23:14] === INICIO: Solicitud de notificaciones admin ===
[2025-12-05 11:23:14] Admin ID: 1
[2025-12-05 11:23:14] Conectando a la base de datos...
[2025-12-05 11:23:55] === INICIO: Solicitud de notificaciones admin ===
[2025-12-05 11:23:55] Admin ID: 1
[2025-12-05 11:23:55] Conectando a la base de datos...
[2025-12-05 11:24:13] === INICIO: Solicitud de notificaciones admin ===
[2025-12-05 11:24:13] Admin ID: 1
[2025-12-05 11:24:13] Conectando a la base de datos...
[2025-12-05 11:24:21] === INICIO: Solicitud de notificaciones admin ===
[2025-12-05 11:24:21] Admin ID: 1
[2025-12-05 11:24:21] Conectando a la base de datos...
[2025-12-05 11:24:44] === INICIO: Solicitud de notificaciones admin ===
[2025-12-05 11:24:44] Admin ID: 1
[2025-12-05 11:24:44] Conectando a la base de datos...
[2025-12-05 11:25:13] === INICIO: Solicitud de notificaciones admin ===
[2025-12-05 11:25:13] Admin ID: 1
[2025-12-05 11:25:13] Conectando a la base de datos...
[2025-12-05 11:25:13] Conexión exitosa. Buscando notificaciones desde: 2025-12-05 04:08:27
[2025-12-05 11:25:13] Nuevas cotizaciones encontradas: 0
[2025-12-05 11:25:13] Nuevos mensajes encontrados: 0
[2025-12-05 11:25:13] Comentarios nuevos encontrados: 0
[2025-12-05 11:25:13] Notificaciones encontradas: 0
[2025-12-05 11:25:13] === FIN: Notificaciones admin obtenidas correctamente ===
[2025-12-05 11:25:28] === INICIO: Solicitud de notificaciones admin ===
[2025-12-05 11:25:28] Admin ID: 1
[2025-12-05 11:25:28] Conectando a la base de datos...
[2025-12-05 11:25:28] Conexión exitosa. Buscando notificaciones desde: 2025-12-05 04:08:27
[2025-12-05 11:25:28] Nuevas cotizaciones encontradas: 0
[2025-12-05 11:25:28] Nuevos mensajes encontrados: 0
[2025-12-05 11:25:28] Comentarios nuevos encontrados: 0
[2025-12-05 11:25:28] Notificaciones encontradas: 0
[2025-12-05 11:25:28] === FIN: Notificaciones admin obtenidas correctamente ===
[2025-12-05 11:25:59] === INICIO: Solicitud de notificaciones admin ===
[2025-12-05 11:25:59] Admin ID: 1
[2025-12-05 11:25:59] Conectando a la base de datos...
[2025-12-05 11:25:59] Conexión exitosa. Buscando notificaciones desde: 2025-12-05 04:08:27
[2025-12-05 11:25:59] Nuevas cotizaciones encontradas: 0
[2025-12-05 11:25:59] Nuevos mensajes encontrados: 0
[2025-12-05 11:25:59] Comentarios nuevos encontrados: 0
[2025-12-05 11:25:59] Notificaciones encontradas: 0
[2025-12-05 11:25:59] === FIN: Notificaciones admin obtenidas correctamente ===
[2025-12-05 11:26:29] === INICIO: Solicitud de notificaciones admin ===
[2025-12-05 11:26:29] Admin ID: 1
[2025-12-05 11:26:29] Conectando a la base de datos...
[2025-12-05 11:26:29] Conexión exitosa. Buscando notificaciones desde: 2025-12-05 04:08:27
[2025-12-05 11:26:29] Nuevas cotizaciones encontradas: 0
[2025-12-05 11:26:29] Nuevos mensajes encontrados: 0
[2025-12-05 11:26:29] Comentarios nuevos encontrados: 0
[2025-12-05 11:26:29] Notificaciones encontradas: 0
[2025-12-05 11:26:29] === FIN: Notificaciones admin obtenidas correctamente ===
