[2025-12-03 07:35:42] === Solicitud: GET obtener_usuarios ===
[2025-12-03 07:35:42] Usuarios obtenidos: 22
[2025-12-03 07:36:03] === Solicitud: GET obtener_usuarios ===
[2025-12-03 07:36:03] Usuarios obtenidos: 22
[2025-12-03 07:36:40] === Solicitud: POST  ===
[2025-12-03 07:36:53] === Solicitud: GET obtener_usuarios ===
[2025-12-03 07:36:53] Usuarios obtenidos: 22
[2025-12-03 07:40:35] === Solicitud: GET obtener_usuarios ===
[2025-12-03 07:40:35] Usuarios obtenidos: 22
[2025-12-03 07:42:03] === Solicitud: GET obtener_usuarios ===
[2025-12-03 07:42:03] Usuarios obtenidos: 22
[2025-12-03 07:42:10] === Solicitud: GET obtener_usuarios ===
[2025-12-03 07:42:10] Usuarios obtenidos: 22
[2025-12-03 07:42:28] === Solicitud: GET obtener_usuarios ===
[2025-12-03 07:42:28] Usuarios obtenidos: 22
[2025-12-03 07:45:25] === Solicitud: GET obtener_usuarios ===
[2025-12-03 07:45:25] Usuarios obtenidos: 22
[2025-12-03 07:46:29] === Solicitud: GET obtener_usuarios ===
[2025-12-03 07:46:29] Usuarios obtenidos: 22
[2025-12-03 07:57:42] === Solicitud: GET  ===
[2025-12-03 07:58:07] === Solicitud: GET  ===
[2025-12-03 08:02:23] === Solicitud: GET  ===
[2025-12-03 08:03:09] === Solicitud: GET  ===
[2025-12-03 08:04:52] === Solicitud: GET  ===
[2025-12-03 08:05:28] === Solicitud: GET  ===
[2025-12-03 08:06:19] === Solicitud: GET  ===
[2025-12-03 08:08:11] === Solicitud: GET  ===
[2025-12-03 08:11:37] === Solicitud: POST  ===
[2025-12-03 08:11:37] ERROR: SQLSTATE[23000]: Integrity constraint violation: 1048 Column 'tipo_mime' cannot be null
[2025-12-03 08:11:44] === Solicitud: POST  ===
[2025-12-03 08:11:44] ERROR: SQLSTATE[23000]: Integrity constraint violation: 1048 Column 'tipo_mime' cannot be null
[2025-12-03 08:14:50] === Solicitud: POST  ===
[2025-12-03 08:14:50] Servicio creado: 60 para cliente Julio Cesar Ruiz Pérez
[2025-12-03 08:22:27] === Solicitud: GET  ===
[2025-12-03 08:22:33] === Solicitud: GET  ===
[2025-12-03 08:22:33] === Solicitud: GET  ===
[2025-12-03 08:22:33] === Solicitud: GET  ===
[2025-12-03 08:22:34] === Solicitud: GET  ===
[2025-12-03 08:22:34] === Solicitud: GET  ===
[2025-12-03 08:22:34] === Solicitud: GET  ===
[2025-12-03 08:22:34] === Solicitud: GET  ===
[2025-12-03 08:22:34] === Solicitud: GET  ===
[2025-12-03 08:22:35] === Solicitud: GET  ===
[2025-12-03 08:22:35] === Solicitud: GET  ===
[2025-12-03 08:22:35] === Solicitud: GET  ===
[2025-12-03 08:22:36] === Solicitud: GET  ===
[2025-12-03 08:22:36] === Solicitud: GET  ===
[2025-12-03 08:22:36] === Solicitud: GET  ===
[2025-12-03 08:22:36] === Solicitud: GET  ===
[2025-12-03 08:22:36] === Solicitud: GET  ===
[2025-12-03 08:22:37] === Solicitud: GET  ===
[2025-12-03 08:22:37] === Solicitud: GET  ===
[2025-12-03 08:22:37] === Solicitud: GET  ===
[2025-12-03 08:22:37] === Solicitud: GET  ===
[2025-12-03 08:22:37] === Solicitud: GET  ===
[2025-12-03 08:23:27] === Solicitud: GET  ===
[2025-12-03 08:23:27] === Solicitud: GET  ===
[2025-12-03 08:23:28] === Solicitud: GET  ===
[2025-12-03 08:23:29] === Solicitud: GET  ===
[2025-12-03 08:23:29] === Solicitud: GET  ===
[2025-12-03 08:23:29] === Solicitud: GET  ===
[2025-12-03 08:23:29] === Solicitud: GET  ===
[2025-12-03 08:23:30] === Solicitud: GET  ===
[2025-12-03 08:23:30] === Solicitud: GET  ===
[2025-12-03 08:23:30] === Solicitud: GET  ===
[2025-12-03 08:23:30] === Solicitud: GET  ===
[2025-12-03 08:23:31] === Solicitud: GET  ===
[2025-12-03 08:23:31] === Solicitud: GET  ===
[2025-12-03 08:23:31] === Solicitud: GET  ===
[2025-12-03 08:23:31] === Solicitud: GET  ===
[2025-12-03 08:23:31] === Solicitud: GET  ===
[2025-12-03 08:23:32] === Solicitud: GET  ===
[2025-12-03 08:23:32] === Solicitud: GET  ===
[2025-12-03 08:23:32] === Solicitud: GET  ===
[2025-12-03 08:23:32] === Solicitud: GET  ===
[2025-12-03 08:23:33] === Solicitud: GET  ===
[2025-12-03 08:23:33] === Solicitud: GET  ===
[2025-12-03 08:23:33] === Solicitud: GET  ===
[2025-12-03 08:23:33] === Solicitud: GET  ===
[2025-12-03 08:23:37] === Solicitud: POST  ===
[2025-12-03 08:23:37] ERROR: SQLSTATE[HY093]: Invalid parameter number: number of bound variables does not match number of tokens
[2025-12-03 08:23:55] === Solicitud: POST  ===
[2025-12-03 08:23:55] ERROR: SQLSTATE[HY093]: Invalid parameter number: number of bound variables does not match number of tokens
[2025-12-03 08:25:19] === Solicitud: POST  ===
[2025-12-03 08:25:19] ERROR: SQLSTATE[HY093]: Invalid parameter number: number of bound variables does not match number of tokens
[2025-12-03 08:27:04] === Solicitud: GET  ===
[2025-12-03 08:27:15] === Solicitud: GET  ===
[2025-12-03 08:27:54] === Solicitud: GET  ===
[2025-12-03 08:27:55] === Solicitud: GET  ===
[2025-12-03 08:27:55] === Solicitud: GET  ===
[2025-12-03 08:27:55] === Solicitud: GET  ===
[2025-12-03 08:28:16] === Solicitud: GET  ===
[2025-12-03 08:28:19] === Solicitud: GET  ===
[2025-12-03 08:28:19] === Solicitud: GET  ===
[2025-12-03 08:28:19] === Solicitud: GET  ===
[2025-12-03 08:28:36] === Solicitud: GET  ===
[2025-12-03 08:29:56] === Solicitud: GET  ===
[2025-12-03 08:30:34] === Solicitud: GET  ===
[2025-12-03 08:30:35] === Solicitud: GET  ===
[2025-12-03 08:30:36] === Solicitud: GET  ===
[2025-12-03 08:30:36] === Solicitud: GET  ===
[2025-12-03 08:33:21] === Solicitud: GET  ===
[2025-12-03 08:33:47] === Solicitud: GET  ===
[2025-12-03 08:35:55] === Solicitud: GET  ===
[2025-12-03 08:36:29] === Solicitud: GET  ===
[2025-12-03 08:36:46] === Solicitud: GET  ===
[2025-12-03 08:37:04] === Solicitud: GET  ===
[2025-12-03 08:39:32] === Solicitud: GET  ===
[2025-12-03 08:39:50] === Solicitud: GET  ===
[2025-12-03 08:42:18] === Solicitud: GET  ===
[2025-12-03 08:42:18] === Solicitud: GET  ===
[2025-12-03 08:42:19] === Solicitud: GET  ===
[2025-12-03 08:42:37] === Solicitud: GET  ===
[2025-12-03 08:42:37] === Solicitud: GET  ===
[2025-12-03 08:43:13] === Solicitud: GET  ===
[2025-12-03 08:43:14] === Solicitud: GET  ===
[2025-12-03 08:43:15] === Solicitud: GET  ===
[2025-12-03 08:43:31] === Solicitud: POST  ===
[2025-12-03 08:43:31] ERROR: SQLSTATE[HY093]: Invalid parameter number: number of bound variables does not match number of tokens
[2025-12-03 08:44:56] === Solicitud: GET  ===
[2025-12-03 08:45:46] === Solicitud: GET  ===
[2025-12-03 08:45:59] === Solicitud: GET  ===
[2025-12-03 08:45:59] === Solicitud: GET  ===
[2025-12-03 08:48:53] === Solicitud: GET obtener_usuarios ===
[2025-12-03 08:48:53] Usuarios obtenidos: 27
[2025-12-03 08:49:22] === Solicitud: POST  ===
[2025-12-03 08:49:22] ERROR: SQLSTATE[HY093]: Invalid parameter number: number of bound variables does not match number of tokens
[2025-12-03 08:51:28] === Solicitud: GET obtener_usuarios ===
[2025-12-03 08:51:28] Usuarios obtenidos: 27
[2025-12-03 08:51:51] === Solicitud: POST  ===
[2025-12-03 08:51:51] Servicio creado: 61 para cliente registrado (ID: 20) - AAAAAAA Ruiz Pérez
[2025-12-03 08:54:33] === Solicitud: GET obtener_usuarios ===
[2025-12-03 08:54:33] Usuarios obtenidos: 27
[2025-12-03 08:54:57] === Solicitud: POST  ===
[2025-12-03 08:54:57] Servicio creado: 62 para cliente registrado (ID: 20) - AAAAAAA Ruiz Pérez
[2025-12-03 09:00:59] === Solicitud: GET obtener_usuarios ===
[2025-12-03 09:00:59] Usuarios obtenidos: 27
[2025-12-03 09:03:43] === Solicitud: GET obtener_usuarios ===
[2025-12-03 09:03:43] Usuarios obtenidos: 27
[2025-12-03 09:05:08] === Solicitud: GET obtener_usuarios ===
[2025-12-03 09:05:08] Usuarios obtenidos: 27
[2025-12-03 09:05:13] === Solicitud: GET obtener_usuarios ===
[2025-12-03 09:05:13] Usuarios obtenidos: 27
[2025-12-03 09:09:35] === Solicitud: GET obtener_usuarios ===
[2025-12-03 09:09:35] Usuarios obtenidos: 27
[2025-12-03 09:11:48] === Solicitud: GET obtener_usuarios ===
[2025-12-03 09:11:48] Usuarios obtenidos: 27
[2025-12-03 09:11:54] === Solicitud: GET obtener_usuarios ===
[2025-12-03 09:11:54] Usuarios obtenidos: 27
[2025-12-03 09:14:55] === Solicitud: GET obtener_usuarios ===
[2025-12-03 09:14:55] Usuarios obtenidos: 27
[2025-12-03 09:15:13] === Solicitud: GET obtener_usuarios ===
[2025-12-03 09:15:13] Usuarios obtenidos: 27
[2025-12-03 09:15:24] === Solicitud: GET obtener_usuarios ===
[2025-12-03 09:15:24] Usuarios obtenidos: 27
