[2025-12-03 09:25:49] === INICIO: Solicitud de obtener cotizaciones ===
[2025-12-03 09:25:49] Usuario ID: 13
[2025-12-03 09:25:49] Conectando a la base de datos...
[2025-12-03 09:25:49] Conexión exitosa. Preparando query...
[2025-12-03 09:25:49] Query: SELECT 
                id_cotizacion,
                nombre_completo,
                marca_bicicleta,
                modelo_bicicleta,
                zona_afectada,
                tipo_trabajo,
                tipo_reparacion,
                estado,
                creado_en
              FROM cotizaciones_cliente
              WHERE id_usuario = :id
              ORDER BY creado_en DESC
[2025-12-03 09:25:49] Query preparada
[2025-12-03 09:25:49] Query ejecutada
[2025-12-03 09:25:49] Cotizaciones obtenidas: 4
[2025-12-03 09:25:49] Cotizaciones obtenidas exitosamente | Datos: [{"id_cotizacion":41,"nombre_completo":"Julio Cesar Ruiz P\u00e9rez","marca_bicicleta":"BENOTOO","modelo_bicicleta":"FGHYJUI","zona_afectada":"FOCKIN","tipo_trabajo":"NORMAL","tipo_reparacion":"FISURA","estado":"PENDIENTE","creado_en":"2025-11-14 00:12:41"},{"id_cotizacion":39,"nombre_completo":"Julio Cesar Ruiz P\u00e9rez","marca_bicicleta":"BENOTOO","modelo_bicicleta":"FGHYJUI","zona_afectada":"45t6yui","tipo_trabajo":"NORMAL","tipo_reparacion":"FISURA","estado":"APROBADA","creado_en":"2025-11-13 22:45:24"},{"id_cotizacion":38,"nombre_completo":"Julio Cesar Ruiz P\u00e9rez","marca_bicicleta":"BENOTOO","modelo_bicicleta":"FGHYJUI","zona_afectada":"ghjkl\u00f1","tipo_trabajo":"NORMAL","tipo_reparacion":"FISURA","estado":"COMPLETADO","creado_en":"2025-11-13 22:40:33"},{"id_cotizacion":37,"nombre_completo":"Julio Cesar Ruiz P\u00e9rez","marca_bicicleta":"BENOTOO","modelo_bicicleta":"rtyuiop","zona_afectada":"FOCKIN","tipo_trabajo":"NORMAL","tipo_reparacion":"FISURA","estado":"EN_PROCESO","creado_en":"2025-11-13 22:36:48"}]
[2025-12-03 09:25:49] === FIN: Cotizaciones obtenidas correctamente ===
[2025-12-03 09:26:10] === INICIO: Solicitud de obtener cotizaciones ===
[2025-12-03 09:26:10] Usuario ID: 13
[2025-12-03 09:26:10] Conectando a la base de datos...
[2025-12-03 09:26:10] Conexión exitosa. Preparando query...
[2025-12-03 09:26:10] Query: SELECT 
                id_cotizacion,
                nombre_completo,
                marca_bicicleta,
                modelo_bicicleta,
                zona_afectada,
                tipo_trabajo,
                tipo_reparacion,
                estado,
                creado_en
              FROM cotizaciones_cliente
              WHERE id_usuario = :id
              ORDER BY creado_en DESC
[2025-12-03 09:26:10] Query preparada
[2025-12-03 09:26:10] Query ejecutada
[2025-12-03 09:26:10] Cotizaciones obtenidas: 4
[2025-12-03 09:26:10] Cotizaciones obtenidas exitosamente | Datos: [{"id_cotizacion":41,"nombre_completo":"Julio Cesar Ruiz P\u00e9rez","marca_bicicleta":"BENOTOO","modelo_bicicleta":"FGHYJUI","zona_afectada":"FOCKIN","tipo_trabajo":"NORMAL","tipo_reparacion":"FISURA","estado":"PENDIENTE","creado_en":"2025-11-14 00:12:41"},{"id_cotizacion":39,"nombre_completo":"Julio Cesar Ruiz P\u00e9rez","marca_bicicleta":"BENOTOO","modelo_bicicleta":"FGHYJUI","zona_afectada":"45t6yui","tipo_trabajo":"NORMAL","tipo_reparacion":"FISURA","estado":"APROBADA","creado_en":"2025-11-13 22:45:24"},{"id_cotizacion":38,"nombre_completo":"Julio Cesar Ruiz P\u00e9rez","marca_bicicleta":"BENOTOO","modelo_bicicleta":"FGHYJUI","zona_afectada":"ghjkl\u00f1","tipo_trabajo":"NORMAL","tipo_reparacion":"FISURA","estado":"COMPLETADO","creado_en":"2025-11-13 22:40:33"},{"id_cotizacion":37,"nombre_completo":"Julio Cesar Ruiz P\u00e9rez","marca_bicicleta":"BENOTOO","modelo_bicicleta":"rtyuiop","zona_afectada":"FOCKIN","tipo_trabajo":"NORMAL","tipo_reparacion":"FISURA","estado":"EN_PROCESO","creado_en":"2025-11-13 22:36:48"}]
[2025-12-03 09:26:10] === FIN: Cotizaciones obtenidas correctamente ===
[2025-12-03 09:27:37] === INICIO: Solicitud de obtener cotizaciones ===
[2025-12-03 09:27:37] Usuario ID: 13
[2025-12-03 09:27:37] Conectando a la base de datos...
[2025-12-03 09:27:37] Conexión exitosa. Preparando query...
[2025-12-03 09:27:37] Query: SELECT 
                id_cotizacion,
                nombre_completo,
                marca_bicicleta,
                modelo_bicicleta,
                zona_afectada,
                tipo_trabajo,
                tipo_reparacion,
                estado,
                creado_en
              FROM cotizaciones_cliente
              WHERE id_usuario = :id
              ORDER BY creado_en DESC
[2025-12-03 09:27:37] Query preparada
[2025-12-03 09:27:37] Query ejecutada
[2025-12-03 09:27:37] Cotizaciones obtenidas: 4
[2025-12-03 09:27:37] Cotizaciones obtenidas exitosamente | Datos: [{"id_cotizacion":41,"nombre_completo":"Julio Cesar Ruiz P\u00e9rez","marca_bicicleta":"BENOTOO","modelo_bicicleta":"FGHYJUI","zona_afectada":"FOCKIN","tipo_trabajo":"NORMAL","tipo_reparacion":"FISURA","estado":"PENDIENTE","creado_en":"2025-11-14 00:12:41"},{"id_cotizacion":39,"nombre_completo":"Julio Cesar Ruiz P\u00e9rez","marca_bicicleta":"BENOTOO","modelo_bicicleta":"FGHYJUI","zona_afectada":"45t6yui","tipo_trabajo":"NORMAL","tipo_reparacion":"FISURA","estado":"APROBADA","creado_en":"2025-11-13 22:45:24"},{"id_cotizacion":38,"nombre_completo":"Julio Cesar Ruiz P\u00e9rez","marca_bicicleta":"BENOTOO","modelo_bicicleta":"FGHYJUI","zona_afectada":"ghjkl\u00f1","tipo_trabajo":"NORMAL","tipo_reparacion":"FISURA","estado":"COMPLETADO","creado_en":"2025-11-13 22:40:33"},{"id_cotizacion":37,"nombre_completo":"Julio Cesar Ruiz P\u00e9rez","marca_bicicleta":"BENOTOO","modelo_bicicleta":"rtyuiop","zona_afectada":"FOCKIN","tipo_trabajo":"NORMAL","tipo_reparacion":"FISURA","estado":"EN_PROCESO","creado_en":"2025-11-13 22:36:48"}]
[2025-12-03 09:27:37] === FIN: Cotizaciones obtenidas correctamente ===
[2025-12-03 09:31:30] === INICIO: Solicitud de obtener cotizaciones ===
[2025-12-03 09:31:30] Usuario ID: 13
[2025-12-03 09:31:30] Conectando a la base de datos...
[2025-12-03 09:31:30] Conexión exitosa. Preparando query...
[2025-12-03 09:31:30] Query: SELECT 
                id_cotizacion,
                nombre_completo,
                marca_bicicleta,
                modelo_bicicleta,
                zona_afectada,
                tipo_trabajo,
                tipo_reparacion,
                estado,
                creado_en
              FROM cotizaciones_cliente
              WHERE id_usuario = :id
              ORDER BY creado_en DESC
[2025-12-03 09:31:30] Query preparada
[2025-12-03 09:31:30] Query ejecutada
[2025-12-03 09:31:30] Cotizaciones obtenidas: 4
[2025-12-03 09:31:30] Cotizaciones obtenidas exitosamente | Datos: [{"id_cotizacion":41,"nombre_completo":"Julio Cesar Ruiz P\u00e9rez","marca_bicicleta":"BENOTOO","modelo_bicicleta":"FGHYJUI","zona_afectada":"FOCKIN","tipo_trabajo":"NORMAL","tipo_reparacion":"FISURA","estado":"PENDIENTE","creado_en":"2025-11-14 00:12:41"},{"id_cotizacion":39,"nombre_completo":"Julio Cesar Ruiz P\u00e9rez","marca_bicicleta":"BENOTOO","modelo_bicicleta":"FGHYJUI","zona_afectada":"45t6yui","tipo_trabajo":"NORMAL","tipo_reparacion":"FISURA","estado":"APROBADA","creado_en":"2025-11-13 22:45:24"},{"id_cotizacion":38,"nombre_completo":"Julio Cesar Ruiz P\u00e9rez","marca_bicicleta":"BENOTOO","modelo_bicicleta":"FGHYJUI","zona_afectada":"ghjkl\u00f1","tipo_trabajo":"NORMAL","tipo_reparacion":"FISURA","estado":"COMPLETADO","creado_en":"2025-11-13 22:40:33"},{"id_cotizacion":37,"nombre_completo":"Julio Cesar Ruiz P\u00e9rez","marca_bicicleta":"BENOTOO","modelo_bicicleta":"rtyuiop","zona_afectada":"FOCKIN","tipo_trabajo":"NORMAL","tipo_reparacion":"FISURA","estado":"EN_PROCESO","creado_en":"2025-11-13 22:36:48"}]
[2025-12-03 09:31:30] === FIN: Cotizaciones obtenidas correctamente ===
[2025-12-03 09:31:32] === INICIO: Solicitud de obtener cotizaciones ===
[2025-12-03 09:31:32] Usuario ID: 13
[2025-12-03 09:31:32] Conectando a la base de datos...
[2025-12-03 09:31:32] Conexión exitosa. Preparando query...
[2025-12-03 09:31:32] Query: SELECT 
                id_cotizacion,
                nombre_completo,
                marca_bicicleta,
                modelo_bicicleta,
                zona_afectada,
                tipo_trabajo,
                tipo_reparacion,
                estado,
                creado_en
              FROM cotizaciones_cliente
              WHERE id_usuario = :id
              ORDER BY creado_en DESC
[2025-12-03 09:31:32] Query preparada
[2025-12-03 09:31:32] Query ejecutada
[2025-12-03 09:31:32] Cotizaciones obtenidas: 4
[2025-12-03 09:31:32] Cotizaciones obtenidas exitosamente | Datos: [{"id_cotizacion":41,"nombre_completo":"Julio Cesar Ruiz P\u00e9rez","marca_bicicleta":"BENOTOO","modelo_bicicleta":"FGHYJUI","zona_afectada":"FOCKIN","tipo_trabajo":"NORMAL","tipo_reparacion":"FISURA","estado":"PENDIENTE","creado_en":"2025-11-14 00:12:41"},{"id_cotizacion":39,"nombre_completo":"Julio Cesar Ruiz P\u00e9rez","marca_bicicleta":"BENOTOO","modelo_bicicleta":"FGHYJUI","zona_afectada":"45t6yui","tipo_trabajo":"NORMAL","tipo_reparacion":"FISURA","estado":"APROBADA","creado_en":"2025-11-13 22:45:24"},{"id_cotizacion":38,"nombre_completo":"Julio Cesar Ruiz P\u00e9rez","marca_bicicleta":"BENOTOO","modelo_bicicleta":"FGHYJUI","zona_afectada":"ghjkl\u00f1","tipo_trabajo":"NORMAL","tipo_reparacion":"FISURA","estado":"COMPLETADO","creado_en":"2025-11-13 22:40:33"},{"id_cotizacion":37,"nombre_completo":"Julio Cesar Ruiz P\u00e9rez","marca_bicicleta":"BENOTOO","modelo_bicicleta":"rtyuiop","zona_afectada":"FOCKIN","tipo_trabajo":"NORMAL","tipo_reparacion":"FISURA","estado":"EN_PROCESO","creado_en":"2025-11-13 22:36:48"}]
[2025-12-03 09:31:32] === FIN: Cotizaciones obtenidas correctamente ===
