[2025-12-05 11:21:35] === INICIO: Solicitud de obtener perfil ===
[2025-12-05 11:21:35] Usuario ID: 7
[2025-12-05 11:21:35] Intentando conectar a la base de datos...
[2025-12-05 11:21:35] Usando conexión PDO centralizada
[2025-12-05 11:21:35] Conexión exitosa. Preparando query...
[2025-12-05 11:21:35] Query: SELECT id_usuario, nombres, apellidos, correo_electronico, numero_telefono, direccion, ciudad, estado, codigo_postal, pais, fecha_nacimiento FROM usuarios WHERE id_usuario = :id LIMIT 1
[2025-12-05 11:21:35] Query preparada
[2025-12-05 11:21:35] Query ejecutada
[2025-12-05 11:21:35] ERROR: Usuario no encontrado con ID: 7
[2025-12-05 11:22:13] === INICIO: Solicitud de obtener perfil ===
[2025-12-05 11:22:13] Usuario ID: 7
[2025-12-05 11:22:13] Intentando conectar a la base de datos...
[2025-12-05 11:22:13] Usando conexión PDO centralizada
[2025-12-05 11:22:30] === INICIO: Solicitud de obtener perfil ===
[2025-12-05 11:22:30] Usuario ID: 7
[2025-12-05 11:22:30] Intentando conectar a la base de datos...
[2025-12-05 11:22:30] Usando conexión PDO centralizada
[2025-12-05 11:22:41] === INICIO: Solicitud de obtener perfil ===
[2025-12-05 11:22:41] Usuario ID: 7
[2025-12-05 11:22:41] Intentando conectar a la base de datos...
[2025-12-05 11:22:41] Usando conexión PDO centralizada
[2025-12-05 11:22:46] === INICIO: Solicitud de obtener perfil ===
[2025-12-05 11:22:46] Usuario ID: 7
[2025-12-05 11:22:46] Intentando conectar a la base de datos...
[2025-12-05 11:22:46] Usando conexión PDO centralizada
[2025-12-05 11:24:14] === INICIO: Solicitud de obtener perfil ===
[2025-12-05 11:24:14] Usuario ID: 1
[2025-12-05 11:24:14] Intentando conectar a la base de datos...
[2025-12-05 11:24:14] Usando conexión PDO centralizada
[2025-12-05 11:24:40] === INICIO: Solicitud de obtener perfil ===
[2025-12-05 11:24:40] Usuario ID: 1
[2025-12-05 11:24:40] Intentando conectar a la base de datos...
[2025-12-05 11:24:40] Usando conexión PDO centralizada
[2025-12-05 11:25:23] === INICIO: Solicitud de obtener perfil ===
[2025-12-05 11:25:23] Usuario ID: 1
[2025-12-05 11:25:23] Intentando conectar a la base de datos...
[2025-12-05 11:25:23] Usando conexión PDO centralizada
[2025-12-05 11:25:23] Conexión exitosa. Preparando query...
[2025-12-05 11:25:23] Query: SELECT id_usuario, nombres, apellidos, correo_electronico, numero_telefono, direccion, ciudad, estado, codigo_postal, pais, fecha_nacimiento FROM usuarios WHERE id_usuario = :id LIMIT 1
[2025-12-05 11:25:23] Query preparada
[2025-12-05 11:25:23] Query ejecutada
[2025-12-05 11:25:23] ERROR: Usuario no encontrado con ID: 1
[2025-12-05 11:25:31] === INICIO: Solicitud de obtener perfil ===
[2025-12-05 11:25:31] Usuario ID: 7
[2025-12-05 11:25:31] Intentando conectar a la base de datos...
[2025-12-05 11:25:31] Usando conexión PDO centralizada
[2025-12-05 11:25:31] Conexión exitosa. Preparando query...
[2025-12-05 11:25:31] Query: SELECT id_usuario, nombres, apellidos, correo_electronico, numero_telefono, direccion, ciudad, estado, codigo_postal, pais, fecha_nacimiento FROM usuarios WHERE id_usuario = :id LIMIT 1
[2025-12-05 11:25:31] Query preparada
[2025-12-05 11:25:31] Query ejecutada
[2025-12-05 11:25:31] ERROR: Usuario no encontrado con ID: 7
[2025-12-05 11:25:38] === INICIO: Solicitud de obtener perfil ===
[2025-12-05 11:25:38] Usuario ID: 7
[2025-12-05 11:25:38] Intentando conectar a la base de datos...
[2025-12-05 11:25:38] Usando conexión PDO centralizada
[2025-12-05 11:25:38] Conexión exitosa. Preparando query...
[2025-12-05 11:25:38] Query: SELECT id_usuario, nombres, apellidos, correo_electronico, numero_telefono, direccion, ciudad, estado, codigo_postal, pais, fecha_nacimiento FROM usuarios WHERE id_usuario = :id LIMIT 1
[2025-12-05 11:25:38] Query preparada
[2025-12-05 11:25:38] Query ejecutada
[2025-12-05 11:25:38] ERROR: Usuario no encontrado con ID: 7
