[2025-10-28 00:15:38] === INICIO: Solicitud de actualizar perfil ===
[2025-10-28 00:15:38] Usuario ID: 20
[2025-10-28 00:15:38] Datos recibidos | Datos: {"nombres":"AAAAAAA","apellidos":"Ruiz P\u00e9rez","correo":"123123@gmail.com","telefono":"2481955951"}
[2025-10-28 00:15:38] Conectando a la base de datos...
[2025-10-28 00:15:38] Usando conexión PDO directa
[2025-10-28 00:15:38] Conexión exitosa. Verificando correo único...
[2025-10-28 00:15:38] Correo único verificado. Normalizando fecha...
[2025-10-28 00:15:38] Fecha normalizada: 2025-10-07
[2025-10-28 00:15:38] Preparando query de actualización...
[2025-10-28 00:15:38] SQL: UPDATE usuarios SET nombres = :nombres, apellidos = :apellidos, correo_electronico = :correo, numero_telefono = :tel, direccion = :dir, ciudad = :ciudad, estado = :estado, codigo_postal = :cp, pais = :pais, fecha_nacimiento = :fn WHERE id_usuario = :id
[2025-10-28 00:15:38] Query preparada
[2025-10-28 00:15:38] Query ejecutada. Actualizando sesión...
[2025-10-28 00:15:38] Sesión actualizada. Perfil actualizado exitosamente
[2025-10-28 00:15:38] === FIN: Perfil actualizado correctamente ===
[2025-10-28 01:45:31] === INICIO: Solicitud de actualizar perfil ===
[2025-10-28 01:45:31] Usuario ID: 20
[2025-10-28 01:45:31] Datos recibidos | Datos: {"nombres":"DFGHJKL","apellidos":"DFTYHJU","correo":"123123@gmail.com","telefono":"2481955951"}
[2025-10-28 01:45:31] Conectando a la base de datos...
[2025-10-28 01:45:31] Usando conexión PDO directa
[2025-10-28 01:45:31] Conexión exitosa. Verificando correo único...
[2025-10-28 01:45:31] Correo único verificado. Normalizando fecha...
[2025-10-28 01:45:31] Fecha normalizada: 2025-10-07
[2025-10-28 01:45:31] Preparando query de actualización...
[2025-10-28 01:45:31] SQL: UPDATE usuarios SET nombres = :nombres, apellidos = :apellidos, correo_electronico = :correo, numero_telefono = :tel, direccion = :dir, ciudad = :ciudad, estado = :estado, codigo_postal = :cp, pais = :pais, fecha_nacimiento = :fn WHERE id_usuario = :id
[2025-10-28 01:45:31] Query preparada
[2025-10-28 01:45:31] Query ejecutada. Actualizando sesión...
[2025-10-28 01:45:31] Sesión actualizada. Perfil actualizado exitosamente
[2025-10-28 01:45:31] === FIN: Perfil actualizado correctamente ===
[2025-10-28 01:45:58] === INICIO: Solicitud de actualizar perfil ===
[2025-10-28 01:45:58] Usuario ID: 20
[2025-10-28 01:45:58] Datos recibidos | Datos: {"nombres":"RERERER","apellidos":"DFGHJKLKFDFGHDFGHJKDFGH","correo":"123123@gmail.com","telefono":"2481955951"}
[2025-10-28 01:45:58] Conectando a la base de datos...
[2025-10-28 01:45:58] Usando conexión PDO directa
[2025-10-28 01:45:58] Conexión exitosa. Verificando correo único...
[2025-10-28 01:45:58] Correo único verificado. Normalizando fecha...
[2025-10-28 01:45:58] Fecha normalizada: 2025-10-07
[2025-10-28 01:45:58] Preparando query de actualización...
[2025-10-28 01:45:58] SQL: UPDATE usuarios SET nombres = :nombres, apellidos = :apellidos, correo_electronico = :correo, numero_telefono = :tel, direccion = :dir, ciudad = :ciudad, estado = :estado, codigo_postal = :cp, pais = :pais, fecha_nacimiento = :fn WHERE id_usuario = :id
[2025-10-28 01:45:58] Query preparada
[2025-10-28 01:45:58] Query ejecutada. Actualizando sesión...
[2025-10-28 01:45:58] Sesión actualizada. Perfil actualizado exitosamente
[2025-10-28 01:45:58] === FIN: Perfil actualizado correctamente ===
[2025-10-28 01:59:22] === INICIO: Solicitud de actualizar perfil ===
[2025-10-28 01:59:22] Usuario ID: 21
[2025-10-28 01:59:22] Datos recibidos | Datos: {"nombres":"Julio C\u00e9sar","apellidos":"Ruiz","correo":"g@gmail.com","telefono":"2481955951"}
[2025-10-28 01:59:22] Conectando a la base de datos...
[2025-10-28 01:59:22] Usando conexión PDO directa
[2025-10-28 01:59:22] Conexión exitosa. Verificando correo único...
[2025-10-28 01:59:22] Correo único verificado. Normalizando fecha...
[2025-10-28 01:59:22] Fecha de nacimiento vacía
[2025-10-28 01:59:22] Preparando query de actualización...
[2025-10-28 01:59:22] SQL: UPDATE usuarios SET nombres = :nombres, apellidos = :apellidos, correo_electronico = :correo, numero_telefono = :tel, direccion = :dir, ciudad = :ciudad, estado = :estado, codigo_postal = :cp, pais = :pais, fecha_nacimiento = :fn WHERE id_usuario = :id
[2025-10-28 01:59:22] Query preparada
[2025-10-28 01:59:22] Query ejecutada. Actualizando sesión...
[2025-10-28 01:59:22] Sesión actualizada. Perfil actualizado exitosamente
[2025-10-28 01:59:22] === FIN: Perfil actualizado correctamente ===
[2025-10-28 03:50:05] === INICIO: Solicitud de actualizar perfil ===
[2025-10-28 03:50:05] Usuario ID: 22
[2025-10-28 03:50:05] Datos recibidos | Datos: {"nombres":"Carlos Alejandro","apellidos":"Martinez de la Cruz","correo":"111111111111111111@gmail.com","telefono":"2481955951"}
[2025-10-28 03:50:05] Conectando a la base de datos...
[2025-10-28 03:50:05] Usando conexión PDO directa
[2025-10-28 03:50:05] Conexión exitosa. Verificando correo único...
[2025-10-28 03:50:05] Correo único verificado. Normalizando fecha...
[2025-10-28 03:50:05] Fecha normalizada: 2025-10-28
[2025-10-28 03:50:05] Preparando query de actualización...
[2025-10-28 03:50:05] SQL: UPDATE usuarios SET nombres = :nombres, apellidos = :apellidos, correo_electronico = :correo, numero_telefono = :tel, direccion = :dir, ciudad = :ciudad, estado = :estado, codigo_postal = :cp, pais = :pais, fecha_nacimiento = :fn WHERE id_usuario = :id
[2025-10-28 03:50:05] Query preparada
[2025-10-28 03:50:05] Query ejecutada. Actualizando sesión...
[2025-10-28 03:50:05] Sesión actualizada. Perfil actualizado exitosamente
[2025-10-28 03:50:05] === FIN: Perfil actualizado correctamente ===
